<?xml version="1.0" encoding="UTF-8"?>
<!-- Generated by org.testng.reporters.JUnitReportReporter -->
<testsuite hostname="LAPTOP-2V15E1BH" failures="0" tests="1" name="com.rok.suravee.testRunner" time="24.988" errors="0" timestamp="2022-07-24T22:11:55 PDT" skipped="0">
  <testcase classname="com.rok.suravee.testRunner" name="feature" time="24.988"/>
  <system-out/>
</testsuite> <!-- com.rok.suravee.testRunner -->
